<?xml version="1.0" encoding="UTF-8"?>
<!-- Generated by org.testng.reporters.JUnitXMLReporter -->
<testsuite ignored="0" hostname="Raashids-MacBook-Air.local" failures="0" tests="8" name="Test" time="0.125" errors="0" timestamp="2023-08-17T10:26:43 EDT">
  <testcase classname="MavPack.ProjMav.Testing1" name="abc" time="0.007"/>
  <testcase classname="MavPack.ProjMav.Testing1" name="abc" time="0.004"/>
  <testcase classname="MavPack.ProjMav.Testing1" name="abc" time="0.003"/>
  <testcase classname="MavPack.ProjMav.Testing2" name="test4" time="0.005"/>
  <testcase classname="MavPack.ProjMav.Testing2" name="test5" time="0.002"/>
  <testcase classname="MavPack.ProjMav.Testing3" name="createUser" time="0.006"/>
  <testcase classname="MavPack.ProjMav.Testing3" name="editUser" time="0.005"/>
  <testcase classname="MavPack.ProjMav.Testing3" name="deleteUser" time="0.011"/>
</testsuite> <!-- Test -->
