<?xml version="1.0" encoding="UTF-8"?>
<testng-results ignored="0" total="8" passed="8" failed="0" skipped="0">
  <reporter-output>
  </reporter-output>
  <suite started-at="2023-08-17T10:26:42 EDT" name="Suite" finished-at="2023-08-17T10:26:43 EDT" duration-ms="125">
    <groups>
      <group name="smoke">
        <method signature="Testing3.createUser()[pri:1, instance:MavPack.ProjMav.Testing3@2898ac89]" name="createUser" class="MavPack.ProjMav.Testing3"/>
        <method signature="Testing2.test4()[pri:0, instance:MavPack.ProjMav.Testing2@6e509ffa]" name="test4" class="MavPack.ProjMav.Testing2"/>
      </group> <!-- smoke -->
    </groups>
    <test started-at="2023-08-17T10:26:42 EDT" name="Test" finished-at="2023-08-17T10:26:43 EDT" duration-ms="125">
      <class name="MavPack.ProjMav.Testing1">
        <test-method is-config="true" signature="beforeSuite()[pri:0, instance:MavPack.ProjMav.Testing1@d21a74c]" started-at="2023-08-17T10:26:42 EDT" name="beforeSuite" finished-at="2023-08-17T10:26:42 EDT" duration-ms="11" status="PASS">
          <reporter-output>
          </reporter-output>
        </test-method> <!-- beforeSuite -->
        <test-method is-config="true" signature="beforeTest()[pri:0, instance:MavPack.ProjMav.Testing1@d21a74c]" started-at="2023-08-17T10:26:42 EDT" name="beforeTest" finished-at="2023-08-17T10:26:42 EDT" duration-ms="0" status="PASS">
          <reporter-output>
          </reporter-output>
        </test-method> <!-- beforeTest -->
        <test-method is-config="true" signature="beforeClass()[pri:0, instance:MavPack.ProjMav.Testing1@d21a74c]" started-at="2023-08-17T10:26:43 EDT" name="beforeClass" finished-at="2023-08-17T10:26:43 EDT" duration-ms="0" status="PASS">
          <reporter-output>
          </reporter-output>
        </test-method> <!-- beforeClass -->
        <test-method is-config="true" signature="beforeMethod()[pri:0, instance:MavPack.ProjMav.Testing1@d21a74c]" started-at="2023-08-17T10:26:43 EDT" name="beforeMethod" finished-at="2023-08-17T10:26:43 EDT" duration-ms="0" status="PASS">
          <reporter-output>
          </reporter-output>
        </test-method> <!-- beforeMethod -->
        <test-method signature="abc(java.lang.Integer, java.lang.String)[pri:0, instance:MavPack.ProjMav.Testing1@d21a74c]" started-at="2023-08-17T10:26:43 EDT" name="abc" data-provider="dp" finished-at="2023-08-17T10:26:43 EDT" duration-ms="7" status="PASS">
          <params>
            <param index="0">
              <value>
                <![CDATA[1]]>
              </value>
            </param>
            <param index="1">
              <value>
                <![CDATA[a]]>
              </value>
            </param>
          </params>
          <reporter-output>
          </reporter-output>
        </test-method> <!-- abc -->
        <test-method is-config="true" signature="afterMethod()[pri:0, instance:MavPack.ProjMav.Testing1@d21a74c]" started-at="2023-08-17T10:26:43 EDT" name="afterMethod" finished-at="2023-08-17T10:26:43 EDT" duration-ms="0" status="PASS">
          <reporter-output>
          </reporter-output>
        </test-method> <!-- afterMethod -->
        <test-method signature="abc(java.lang.Integer, java.lang.String)[pri:0, instance:MavPack.ProjMav.Testing1@d21a74c]" started-at="2023-08-17T10:26:43 EDT" name="abc" data-provider="dp" finished-at="2023-08-17T10:26:43 EDT" duration-ms="4" status="PASS">
          <params>
            <param index="0">
              <value>
                <![CDATA[2]]>
              </value>
            </param>
            <param index="1">
              <value>
                <![CDATA[b]]>
              </value>
            </param>
          </params>
          <reporter-output>
          </reporter-output>
        </test-method> <!-- abc -->
        <test-method is-config="true" signature="beforeMethod()[pri:0, instance:MavPack.ProjMav.Testing1@d21a74c]" started-at="2023-08-17T10:26:43 EDT" name="beforeMethod" finished-at="2023-08-17T10:26:43 EDT" duration-ms="0" status="PASS">
          <reporter-output>
          </reporter-output>
        </test-method> <!-- beforeMethod -->
        <test-method is-config="true" signature="afterMethod()[pri:0, instance:MavPack.ProjMav.Testing1@d21a74c]" started-at="2023-08-17T10:26:43 EDT" name="afterMethod" finished-at="2023-08-17T10:26:43 EDT" duration-ms="1" status="PASS">
          <reporter-output>
          </reporter-output>
        </test-method> <!-- afterMethod -->
        <test-method is-config="true" signature="beforeMethod()[pri:0, instance:MavPack.ProjMav.Testing1@d21a74c]" started-at="2023-08-17T10:26:43 EDT" name="beforeMethod" finished-at="2023-08-17T10:26:43 EDT" duration-ms="2" status="PASS">
          <reporter-output>
          </reporter-output>
        </test-method> <!-- beforeMethod -->
        <test-method signature="abc(java.lang.Integer, java.lang.String)[pri:0, instance:MavPack.ProjMav.Testing1@d21a74c]" started-at="2023-08-17T10:26:43 EDT" name="abc" data-provider="dp" finished-at="2023-08-17T10:26:43 EDT" duration-ms="3" status="PASS">
          <params>
            <param index="0">
              <value>
                <![CDATA[3]]>
              </value>
            </param>
            <param index="1">
              <value>
                <![CDATA[c]]>
              </value>
            </param>
          </params>
          <reporter-output>
          </reporter-output>
        </test-method> <!-- abc -->
        <test-method is-config="true" signature="afterMethod()[pri:0, instance:MavPack.ProjMav.Testing1@d21a74c]" started-at="2023-08-17T10:26:43 EDT" name="afterMethod" finished-at="2023-08-17T10:26:43 EDT" duration-ms="0" status="PASS">
          <reporter-output>
          </reporter-output>
        </test-method> <!-- afterMethod -->
        <test-method is-config="true" signature="afterClass()[pri:0, instance:MavPack.ProjMav.Testing1@d21a74c]" started-at="2023-08-17T10:26:43 EDT" name="afterClass" finished-at="2023-08-17T10:26:43 EDT" duration-ms="0" status="PASS">
          <reporter-output>
          </reporter-output>
        </test-method> <!-- afterClass -->
        <test-method is-config="true" signature="afterTest()[pri:0, instance:MavPack.ProjMav.Testing1@d21a74c]" started-at="2023-08-17T10:26:43 EDT" name="afterTest" finished-at="2023-08-17T10:26:43 EDT" duration-ms="2" status="PASS">
          <reporter-output>
          </reporter-output>
        </test-method> <!-- afterTest -->
        <test-method is-config="true" signature="afterSuite()[pri:0, instance:MavPack.ProjMav.Testing1@d21a74c]" started-at="2023-08-17T10:26:43 EDT" name="afterSuite" finished-at="2023-08-17T10:26:43 EDT" duration-ms="0" status="PASS">
          <reporter-output>
          </reporter-output>
        </test-method> <!-- afterSuite -->
      </class> <!-- MavPack.ProjMav.Testing1 -->
      <class name="MavPack.ProjMav.Testing2">
        <test-method signature="test4()[pri:0, instance:MavPack.ProjMav.Testing2@6e509ffa]" started-at="2023-08-17T10:26:43 EDT" name="test4" finished-at="2023-08-17T10:26:43 EDT" duration-ms="5" status="PASS">
          <reporter-output>
          </reporter-output>
        </test-method> <!-- test4 -->
        <test-method signature="test5()[pri:0, instance:MavPack.ProjMav.Testing2@6e509ffa]" started-at="2023-08-17T10:26:43 EDT" name="test5" finished-at="2023-08-17T10:26:43 EDT" duration-ms="2" status="PASS">
          <reporter-output>
          </reporter-output>
        </test-method> <!-- test5 -->
      </class> <!-- MavPack.ProjMav.Testing2 -->
      <class name="MavPack.ProjMav.Testing3">
        <test-method signature="createUser()[pri:1, instance:MavPack.ProjMav.Testing3@2898ac89]" started-at="2023-08-17T10:26:43 EDT" name="createUser" finished-at="2023-08-17T10:26:43 EDT" duration-ms="6" status="PASS">
          <reporter-output>
          </reporter-output>
        </test-method> <!-- createUser -->
        <test-method signature="editUser()[pri:2, instance:MavPack.ProjMav.Testing3@2898ac89]" started-at="2023-08-17T10:26:43 EDT" name="editUser" finished-at="2023-08-17T10:26:43 EDT" depends-on-methods="MavPack.ProjMav.Testing3.createUser" duration-ms="5" status="PASS">
          <reporter-output>
          </reporter-output>
        </test-method> <!-- editUser -->
        <test-method signature="deleteUser()[pri:3, instance:MavPack.ProjMav.Testing3@2898ac89]" started-at="2023-08-17T10:26:43 EDT" name="deleteUser" finished-at="2023-08-17T10:26:43 EDT" depends-on-methods="MavPack.ProjMav.Testing3.editUser" duration-ms="11" status="PASS">
          <reporter-output>
          </reporter-output>
        </test-method> <!-- deleteUser -->
      </class> <!-- MavPack.ProjMav.Testing3 -->
    </test> <!-- Test -->
  </suite> <!-- Suite -->
</testng-results>
